{"C:\\Users\\GRIGS\\express app task\\app\\config\\default.ts": {"path":"C:\\Users\\GRIGS\\express app task\\app\\config\\default.ts","statementMap":{"0":{"start":{"line":1,"column":0},"end":{"line":3,"column":2}}},"fnMap":{},"branchMap":{},"s":{"0":2},"f":{},"b":{}}
,"C:\\Users\\GRIGS\\express app task\\app\\src\\app.ts": {"path":"C:\\Users\\GRIGS\\express app task\\app\\src\\app.ts","statementMap":{"0":{"start":{"line":1,"column":0},"end":{"line":1,"column":24}},"1":{"start":{"line":2,"column":0},"end":{"line":2,"column":28}},"2":{"start":{"line":3,"column":0},"end":{"line":3,"column":30}},"3":{"start":{"line":4,"column":0},"end":{"line":4,"column":30}},"4":{"start":{"line":5,"column":0},"end":{"line":5,"column":36}},"5":{"start":{"line":8,"column":13},"end":{"line":8,"column":39}},"6":{"start":{"line":10,"column":12},"end":{"line":10,"column":21}},"7":{"start":{"line":12,"column":0},"end":{"line":16,"column":2}},"8":{"start":{"line":18,"column":0},"end":{"line":18,"column":24}},"9":{"start":{"line":20,"column":13},"end":{"line":20,"column":31}},"10":{"start":{"line":22,"column":13},"end":{"line":22,"column":31}},"11":{"start":{"line":24,"column":0},"end":{"line":29,"column":null}},"12":{"start":{"line":25,"column":2},"end":{"line":28,"column":5}},"13":{"start":{"line":25,"column":30},"end":{"line":28,"column":4}},"14":{"start":{"line":26,"column":4},"end":{"line":26,"column":51}},"15":{"start":{"line":27,"column":4},"end":{"line":27,"column":16}}},"fnMap":{"0":{"name":"(anonymous_8)","decl":{"start":{"line":25,"column":19},"end":{"line":25,"column":28}},"loc":{"start":{"line":25,"column":30},"end":{"line":28,"column":4}}},"1":{"name":"(anonymous_9)","decl":{"start":{"line":25,"column":30},"end":{"line":25,"column":null}},"loc":{"start":{"line":25,"column":30},"end":{"line":28,"column":3}}}},"branchMap":{"0":{"loc":{"start":{"line":24,"column":0},"end":{"line":29,"column":null}},"type":"if","locations":[{"start":{"line":24,"column":0},"end":{"line":29,"column":null}}]}},"s":{"0":2,"1":2,"2":2,"3":2,"4":2,"5":2,"6":2,"7":2,"8":2,"9":2,"10":2,"11":2,"12":0,"13":0,"14":0,"15":0},"f":{"0":0,"1":0},"b":{"0":[0]}}
,"C:\\Users\\GRIGS\\express app task\\app\\src\\routes.ts": {"path":"C:\\Users\\GRIGS\\express app task\\app\\src\\routes.ts","statementMap":{"0":{"start":{"line":2,"column":0},"end":{"line":2,"column":49}},"1":{"start":{"line":3,"column":0},"end":{"line":3,"column":52}},"2":{"start":{"line":4,"column":0},"end":{"line":4,"column":null}},"3":{"start":{"line":8,"column":0},"end":{"line":8,"column":null}},"4":{"start":{"line":15,"column":0},"end":{"line":15,"column":null}},"5":{"start":{"line":20,"column":0},"end":{"line":20,"column":51}},"6":{"start":{"line":23,"column":2},"end":{"line":23,"column":63}},"7":{"start":{"line":24,"column":2},"end":{"line":24,"column":41}},"8":{"start":{"line":26,"column":2},"end":{"line":26,"column":50}},"9":{"start":{"line":27,"column":2},"end":{"line":27,"column":63}},"10":{"start":{"line":28,"column":2},"end":{"line":34,"column":4}},"11":{"start":{"line":35,"column":2},"end":{"line":40,"column":4}},"12":{"start":{"line":41,"column":2},"end":{"line":41,"column":74}},"13":{"start":{"line":44,"column":0},"end":{"line":44,"column":22}}},"fnMap":{"0":{"name":"routes","decl":{"start":{"line":22,"column":9},"end":{"line":22,"column":15}},"loc":{"start":{"line":22,"column":28},"end":{"line":42,"column":1}}}},"branchMap":{},"s":{"0":2,"1":2,"2":2,"3":2,"4":2,"5":2,"6":0,"7":0,"8":0,"9":0,"10":0,"11":0,"12":0,"13":2},"f":{"0":0},"b":{}}
,"C:\\Users\\GRIGS\\express app task\\app\\src\\controller\\stack.controller.ts": {"path":"C:\\Users\\GRIGS\\express app task\\app\\src\\controller\\stack.controller.ts","statementMap":{"0":{"start":{"line":1,"column":0},"end":{"line":1,"column":31}},"1":{"start":{"line":2,"column":0},"end":{"line":2,"column":37}},"2":{"start":{"line":15,"column":2},"end":{"line":46,"column":null}},"3":{"start":{"line":16,"column":4},"end":{"line":16,"column":52}},"4":{"start":{"line":17,"column":21},"end":{"line":17,"column":29}},"5":{"start":{"line":18,"column":4},"end":{"line":35,"column":null}},"6":{"start":{"line":19,"column":6},"end":{"line":19,"column":53}},"7":{"start":{"line":20,"column":6},"end":{"line":27,"column":null}},"8":{"start":{"line":21,"column":8},"end":{"line":21,"column":62}},"9":{"start":{"line":22,"column":8},"end":{"line":26,"column":11}},"10":{"start":{"line":28,"column":6},"end":{"line":28,"column":51}},"11":{"start":{"line":29,"column":6},"end":{"line":29,"column":23}},"12":{"start":{"line":30,"column":6},"end":{"line":34,"column":9}},"13":{"start":{"line":37,"column":4},"end":{"line":37,"column":74}},"14":{"start":{"line":38,"column":4},"end":{"line":40,"column":77}},"15":{"start":{"line":42,"column":4},"end":{"line":42,"column":50}},"16":{"start":{"line":43,"column":4},"end":{"line":45,"column":7}},"17":{"start":{"line":11,"column":0},"end":{"line":11,"column":22}},"18":{"start":{"line":53,"column":2},"end":{"line":73,"column":null}},"19":{"start":{"line":54,"column":4},"end":{"line":63,"column":null}},"20":{"start":{"line":55,"column":19},"end":{"line":55,"column":30}},"21":{"start":{"line":56,"column":6},"end":{"line":56,"column":51}},"22":{"start":{"line":57,"column":6},"end":{"line":62,"column":9}},"23":{"start":{"line":64,"column":4},"end":{"line":64,"column":61}},"24":{"start":{"line":65,"column":4},"end":{"line":67,"column":78}},"25":{"start":{"line":69,"column":4},"end":{"line":69,"column":53}},"26":{"start":{"line":70,"column":4},"end":{"line":72,"column":7}},"27":{"start":{"line":49,"column":0},"end":{"line":49,"column":22}}},"fnMap":{"0":{"name":"AddToStackHandler","decl":{"start":{"line":11,"column":22},"end":{"line":11,"column":39}},"loc":{"start":{"line":13,"column":30},"end":{"line":47,"column":null}}},"1":{"name":"PopFromStackHandler","decl":{"start":{"line":49,"column":22},"end":{"line":49,"column":41}},"loc":{"start":{"line":51,"column":30},"end":{"line":74,"column":null}}}},"branchMap":{"0":{"loc":{"start":{"line":18,"column":4},"end":{"line":35,"column":null}},"type":"if","locations":[{"start":{"line":18,"column":4},"end":{"line":35,"column":null}}]},"1":{"loc":{"start":{"line":20,"column":6},"end":{"line":27,"column":null}},"type":"if","locations":[{"start":{"line":20,"column":6},"end":{"line":27,"column":null}}]},"2":{"loc":{"start":{"line":54,"column":4},"end":{"line":63,"column":null}},"type":"if","locations":[{"start":{"line":54,"column":4},"end":{"line":63,"column":null}}]}},"s":{"0":2,"1":2,"2":1,"3":1,"4":1,"5":1,"6":1,"7":1,"8":0,"9":0,"10":1,"11":1,"12":1,"13":0,"14":0,"15":0,"16":0,"17":2,"18":1,"19":1,"20":1,"21":1,"22":1,"23":0,"24":0,"25":0,"26":0,"27":2},"f":{"0":1,"1":1},"b":{"0":[1],"1":[0],"2":[1]}}
,"C:\\Users\\GRIGS\\express app task\\app\\src\\controller\\store.controller.ts": {"path":"C:\\Users\\GRIGS\\express app task\\app\\src\\controller\\store.controller.ts","statementMap":{"0":{"start":{"line":1,"column":0},"end":{"line":1,"column":31}},"1":{"start":{"line":2,"column":0},"end":{"line":2,"column":37}},"2":{"start":{"line":16,"column":2},"end":{"line":32,"column":null}},"3":{"start":{"line":17,"column":4},"end":{"line":26,"column":null}},"4":{"start":{"line":18,"column":6},"end":{"line":22,"column":9}},"5":{"start":{"line":19,"column":8},"end":{"line":21,"column":null}},"6":{"start":{"line":20,"column":10},"end":{"line":20,"column":57}},"7":{"start":{"line":24,"column":6},"end":{"line":24,"column":60}},"8":{"start":{"line":25,"column":6},"end":{"line":25,"column":70}},"9":{"start":{"line":27,"column":4},"end":{"line":27,"column":50}},"10":{"start":{"line":28,"column":4},"end":{"line":28,"column":63}},"11":{"start":{"line":30,"column":4},"end":{"line":30,"column":43}},"12":{"start":{"line":31,"column":4},"end":{"line":31,"column":43}},"13":{"start":{"line":12,"column":0},"end":{"line":12,"column":22}},"14":{"start":{"line":39,"column":2},"end":{"line":72,"column":null}},"15":{"start":{"line":40,"column":4},"end":{"line":44,"column":null}},"16":{"start":{"line":42,"column":6},"end":{"line":42,"column":59}},"17":{"start":{"line":43,"column":6},"end":{"line":43,"column":64}},"18":{"start":{"line":46,"column":32},"end":{"line":46,"column":40}},"19":{"start":{"line":48,"column":4},"end":{"line":53,"column":null}},"20":{"start":{"line":49,"column":6},"end":{"line":49,"column":53}},"21":{"start":{"line":51,"column":6},"end":{"line":51,"column":58}},"22":{"start":{"line":52,"column":6},"end":{"line":52,"column":78}},"23":{"start":{"line":59,"column":4},"end":{"line":63,"column":null}},"24":{"start":{"line":60,"column":6},"end":{"line":62,"column":29}},"25":{"start":{"line":61,"column":8},"end":{"line":61,"column":26}},"26":{"start":{"line":65,"column":4},"end":{"line":65,"column":67}},"27":{"start":{"line":66,"column":4},"end":{"line":68,"column":65}},"28":{"start":{"line":70,"column":4},"end":{"line":70,"column":60}},"29":{"start":{"line":71,"column":4},"end":{"line":71,"column":70}},"30":{"start":{"line":35,"column":0},"end":{"line":35,"column":22}},"31":{"start":{"line":79,"column":2},"end":{"line":97,"column":null}},"32":{"start":{"line":80,"column":16},"end":{"line":80,"column":30}},"33":{"start":{"line":81,"column":4},"end":{"line":91,"column":null}},"34":{"start":{"line":82,"column":6},"end":{"line":82,"column":53}},"35":{"start":{"line":83,"column":6},"end":{"line":83,"column":69}},"36":{"start":{"line":84,"column":6},"end":{"line":90,"column":9}},"37":{"start":{"line":92,"column":4},"end":{"line":92,"column":51}},"38":{"start":{"line":93,"column":4},"end":{"line":93,"column":71}},"39":{"start":{"line":95,"column":4},"end":{"line":95,"column":52}},"40":{"start":{"line":96,"column":4},"end":{"line":96,"column":70}},"41":{"start":{"line":75,"column":0},"end":{"line":75,"column":22}},"42":{"start":{"line":104,"column":2},"end":{"line":130,"column":null}},"43":{"start":{"line":105,"column":27},"end":{"line":105,"column":35}},"44":{"start":{"line":106,"column":16},"end":{"line":106,"column":30}},"45":{"start":{"line":108,"column":4},"end":{"line":123,"column":null}},"46":{"start":{"line":109,"column":6},"end":{"line":109,"column":53}},"47":{"start":{"line":110,"column":6},"end":{"line":110,"column":73}},"48":{"start":{"line":112,"column":6},"end":{"line":112,"column":31}},"49":{"start":{"line":113,"column":6},"end":{"line":113,"column":53}},"50":{"start":{"line":114,"column":6},"end":{"line":118,"column":null}},"51":{"start":{"line":115,"column":8},"end":{"line":117,"column":31}},"52":{"start":{"line":116,"column":10},"end":{"line":116,"column":28}},"53":{"start":{"line":119,"column":6},"end":{"line":119,"column":71}},"54":{"start":{"line":120,"column":6},"end":{"line":122,"column":69}},"55":{"start":{"line":128,"column":4},"end":{"line":128,"column":62}},"56":{"start":{"line":129,"column":4},"end":{"line":129,"column":70}},"57":{"start":{"line":100,"column":0},"end":{"line":100,"column":22}},"58":{"start":{"line":137,"column":2},"end":{"line":150,"column":null}},"59":{"start":{"line":138,"column":16},"end":{"line":138,"column":30}},"60":{"start":{"line":140,"column":4},"end":{"line":144,"column":null}},"61":{"start":{"line":141,"column":6},"end":{"line":141,"column":55}},"62":{"start":{"line":142,"column":6},"end":{"line":142,"column":24}},"63":{"start":{"line":143,"column":6},"end":{"line":143,"column":80}},"64":{"start":{"line":145,"column":4},"end":{"line":145,"column":50}},"65":{"start":{"line":146,"column":4},"end":{"line":146,"column":78}},"66":{"start":{"line":148,"column":4},"end":{"line":148,"column":42}},"67":{"start":{"line":149,"column":4},"end":{"line":149,"column":70}},"68":{"start":{"line":133,"column":0},"end":{"line":133,"column":22}}},"fnMap":{"0":{"name":"GetStoreHandler","decl":{"start":{"line":12,"column":22},"end":{"line":12,"column":37}},"loc":{"start":{"line":14,"column":30},"end":{"line":33,"column":null}}},"1":{"name":"(anonymous_10)","decl":{"start":{"line":18,"column":33},"end":{"line":18,"column":34}},"loc":{"start":{"line":18,"column":41},"end":{"line":22,"column":7}}},"2":{"name":"AddToStoreHandler","decl":{"start":{"line":35,"column":22},"end":{"line":35,"column":39}},"loc":{"start":{"line":37,"column":30},"end":{"line":73,"column":null}}},"3":{"name":"(anonymous_13)","decl":{"start":{"line":60,"column":17},"end":{"line":60,"column":20}},"loc":{"start":{"line":60,"column":22},"end":{"line":62,"column":7}}},"4":{"name":"GetKeyHandler","decl":{"start":{"line":75,"column":22},"end":{"line":75,"column":35}},"loc":{"start":{"line":77,"column":30},"end":{"line":98,"column":null}}},"5":{"name":"UpdateKeyHandler","decl":{"start":{"line":100,"column":22},"end":{"line":100,"column":38}},"loc":{"start":{"line":102,"column":30},"end":{"line":131,"column":null}}},"6":{"name":"(anonymous_18)","decl":{"start":{"line":115,"column":19},"end":{"line":115,"column":22}},"loc":{"start":{"line":115,"column":24},"end":{"line":117,"column":9}}},"7":{"name":"DeleteKeyHandler","decl":{"start":{"line":133,"column":22},"end":{"line":133,"column":38}},"loc":{"start":{"line":135,"column":30},"end":{"line":151,"column":null}}}},"branchMap":{"0":{"loc":{"start":{"line":17,"column":4},"end":{"line":26,"column":null}},"type":"if","locations":[{"start":{"line":17,"column":4},"end":{"line":26,"column":null}}]},"1":{"loc":{"start":{"line":19,"column":8},"end":{"line":21,"column":null}},"type":"if","locations":[{"start":{"line":19,"column":8},"end":{"line":21,"column":null}}]},"2":{"loc":{"start":{"line":20,"column":30},"end":{"line":20,"column":51}},"type":"binary-expr","locations":[{"start":{"line":20,"column":30},"end":{"line":20,"column":46}},{"start":{"line":20,"column":50},"end":{"line":20,"column":51}}]},"3":{"loc":{"start":{"line":40,"column":4},"end":{"line":44,"column":null}},"type":"if","locations":[{"start":{"line":40,"column":4},"end":{"line":44,"column":null}}]},"4":{"loc":{"start":{"line":48,"column":4},"end":{"line":53,"column":null}},"type":"if","locations":[{"start":{"line":48,"column":4},"end":{"line":53,"column":null}},{"start":{"line":50,"column":11},"end":{"line":53,"column":null}}]},"5":{"loc":{"start":{"line":59,"column":4},"end":{"line":63,"column":null}},"type":"if","locations":[{"start":{"line":59,"column":4},"end":{"line":63,"column":null}}]},"6":{"loc":{"start":{"line":81,"column":4},"end":{"line":91,"column":null}},"type":"if","locations":[{"start":{"line":81,"column":4},"end":{"line":91,"column":null}}]},"7":{"loc":{"start":{"line":82,"column":26},"end":{"line":82,"column":47}},"type":"binary-expr","locations":[{"start":{"line":82,"column":26},"end":{"line":82,"column":42}},{"start":{"line":82,"column":46},"end":{"line":82,"column":47}}]},"8":{"loc":{"start":{"line":108,"column":4},"end":{"line":123,"column":null}},"type":"if","locations":[{"start":{"line":108,"column":4},"end":{"line":123,"column":null}},{"start":{"line":111,"column":11},"end":{"line":123,"column":null}}]},"9":{"loc":{"start":{"line":113,"column":26},"end":{"line":113,"column":47}},"type":"binary-expr","locations":[{"start":{"line":113,"column":26},"end":{"line":113,"column":42}},{"start":{"line":113,"column":46},"end":{"line":113,"column":47}}]},"10":{"loc":{"start":{"line":114,"column":6},"end":{"line":118,"column":null}},"type":"if","locations":[{"start":{"line":114,"column":6},"end":{"line":118,"column":null}}]},"11":{"loc":{"start":{"line":140,"column":4},"end":{"line":144,"column":null}},"type":"if","locations":[{"start":{"line":140,"column":4},"end":{"line":144,"column":null}}]}},"s":{"0":2,"1":2,"2":1,"3":1,"4":1,"5":1,"6":1,"7":1,"8":1,"9":0,"10":0,"11":0,"12":0,"13":2,"14":1,"15":1,"16":0,"17":0,"18":1,"19":1,"20":1,"21":0,"22":0,"23":1,"24":0,"25":0,"26":1,"27":1,"28":0,"29":0,"30":2,"31":1,"32":1,"33":1,"34":1,"35":1,"36":1,"37":0,"38":0,"39":0,"40":0,"41":2,"42":1,"43":1,"44":1,"45":1,"46":0,"47":0,"48":1,"49":1,"50":1,"51":0,"52":0,"53":1,"54":1,"55":0,"56":0,"57":2,"58":1,"59":1,"60":1,"61":1,"62":1,"63":1,"64":0,"65":0,"66":0,"67":0,"68":2},"f":{"0":1,"1":1,"2":1,"3":0,"4":1,"5":1,"6":0,"7":1},"b":{"0":[1],"1":[1],"2":[1,0],"3":[0],"4":[1,0],"5":[0],"6":[1],"7":[1,1],"8":[0,1],"9":[1,0],"10":[0],"11":[1]}}
,"C:\\Users\\GRIGS\\express app task\\app\\src\\middleware\\cleanup.ts": {"path":"C:\\Users\\GRIGS\\express app task\\app\\src\\middleware\\cleanup.ts","statementMap":{"0":{"start":{"line":1,"column":0},"end":{"line":1,"column":31}},"1":{"start":{"line":2,"column":0},"end":{"line":2,"column":31}},"2":{"start":{"line":3,"column":0},"end":{"line":3,"column":37}},"3":{"start":{"line":6,"column":13},"end":{"line":6,"column":25}},"4":{"start":{"line":7,"column":13},"end":{"line":7,"column":29}},"5":{"start":{"line":9,"column":27},"end":{"line":66,"column":2}},"6":{"start":{"line":13,"column":4},"end":{"line":66,"column":2}},"7":{"start":{"line":14,"column":2},"end":{"line":65,"column":null}},"8":{"start":{"line":15,"column":4},"end":{"line":15,"column":45}},"9":{"start":{"line":17,"column":22},"end":{"line":17,"column":47}},"10":{"start":{"line":19,"column":4},"end":{"line":21,"column":6}},"11":{"start":{"line":23,"column":31},"end":{"line":23,"column":33}},"12":{"start":{"line":25,"column":4},"end":{"line":52,"column":null}},"13":{"start":{"line":26,"column":6},"end":{"line":30,"column":8}},"14":{"start":{"line":31,"column":6},"end":{"line":43,"column":9}},"15":{"start":{"line":32,"column":8},"end":{"line":32,"column":74}},"16":{"start":{"line":34,"column":8},"end":{"line":42,"column":null}},"17":{"start":{"line":35,"column":10},"end":{"line":35,"column":63}},"18":{"start":{"line":37,"column":10},"end":{"line":39,"column":12}},"19":{"start":{"line":41,"column":10},"end":{"line":41,"column":79}},"20":{"start":{"line":45,"column":27},"end":{"line":45,"column":46}},"21":{"start":{"line":47,"column":6},"end":{"line":51,"column":null}},"22":{"start":{"line":47,"column":19},"end":{"line":47,"column":20}},"23":{"start":{"line":48,"column":28},"end":{"line":48,"column":41}},"24":{"start":{"line":49,"column":8},"end":{"line":49,"column":52}},"25":{"start":{"line":50,"column":8},"end":{"line":50,"column":34}},"26":{"start":{"line":54,"column":4},"end":{"line":54,"column":11}},"27":{"start":{"line":56,"column":4},"end":{"line":61,"column":null}},"28":{"start":{"line":57,"column":6},"end":{"line":59,"column":8}},"29":{"start":{"line":60,"column":6},"end":{"line":60,"column":64}},"30":{"start":{"line":63,"column":4},"end":{"line":63,"column":66}},"31":{"start":{"line":64,"column":4},"end":{"line":64,"column":43}},"32":{"start":{"line":9,"column":13},"end":{"line":9,"column":27}}},"fnMap":{"0":{"name":"(anonymous_8)","decl":{"start":{"line":9,"column":27},"end":{"line":9,"column":null}},"loc":{"start":{"line":13,"column":4},"end":{"line":66,"column":2}}},"1":{"name":"(anonymous_9)","decl":{"start":{"line":13,"column":4},"end":{"line":13,"column":null}},"loc":{"start":{"line":13,"column":4},"end":{"line":66,"column":1}}},"2":{"name":"(anonymous_10)","decl":{"start":{"line":31,"column":43},"end":{"line":31,"column":44}},"loc":{"start":{"line":31,"column":52},"end":{"line":43,"column":7}}}},"branchMap":{"0":{"loc":{"start":{"line":25,"column":4},"end":{"line":52,"column":null}},"type":"if","locations":[{"start":{"line":25,"column":4},"end":{"line":52,"column":null}}]},"1":{"loc":{"start":{"line":34,"column":8},"end":{"line":42,"column":null}},"type":"if","locations":[{"start":{"line":34,"column":8},"end":{"line":42,"column":null}},{"start":{"line":36,"column":15},"end":{"line":42,"column":null}}]},"2":{"loc":{"start":{"line":34,"column":13},"end":{"line":34,"column":32}},"type":"cond-expr","locations":[{"start":{"line":34,"column":27},"end":{"line":34,"column":31}},{"start":{"line":34,"column":31},"end":{"line":34,"column":32}}]},"3":{"loc":{"start":{"line":34,"column":13},"end":{"line":34,"column":31}},"type":"binary-expr","locations":[{"start":{"line":34,"column":13},"end":{"line":34,"column":31}},{"start":{"line":34,"column":27},"end":{"line":34,"column":31}}]},"4":{"loc":{"start":{"line":34,"column":39},"end":{"line":34,"column":58}},"type":"cond-expr","locations":[{"start":{"line":34,"column":53},"end":{"line":34,"column":57}},{"start":{"line":34,"column":57},"end":{"line":34,"column":58}}]},"5":{"loc":{"start":{"line":34,"column":39},"end":{"line":34,"column":57}},"type":"binary-expr","locations":[{"start":{"line":34,"column":39},"end":{"line":34,"column":57}},{"start":{"line":34,"column":53},"end":{"line":34,"column":57}}]},"6":{"loc":{"start":{"line":35,"column":18},"end":{"line":35,"column":37}},"type":"cond-expr","locations":[{"start":{"line":35,"column":32},"end":{"line":35,"column":36}},{"start":{"line":35,"column":36},"end":{"line":35,"column":37}}]},"7":{"loc":{"start":{"line":35,"column":18},"end":{"line":35,"column":36}},"type":"binary-expr","locations":[{"start":{"line":35,"column":18},"end":{"line":35,"column":36}},{"start":{"line":35,"column":32},"end":{"line":35,"column":36}}]},"8":{"loc":{"start":{"line":35,"column":42},"end":{"line":35,"column":61}},"type":"cond-expr","locations":[{"start":{"line":35,"column":56},"end":{"line":35,"column":60}},{"start":{"line":35,"column":60},"end":{"line":35,"column":61}}]},"9":{"loc":{"start":{"line":35,"column":42},"end":{"line":35,"column":60}},"type":"binary-expr","locations":[{"start":{"line":35,"column":42},"end":{"line":35,"column":60}},{"start":{"line":35,"column":56},"end":{"line":35,"column":60}}]},"10":{"loc":{"start":{"line":56,"column":4},"end":{"line":61,"column":null}},"type":"if","locations":[{"start":{"line":56,"column":4},"end":{"line":61,"column":null}}]}},"s":{"0":2,"1":2,"2":2,"3":2,"4":2,"5":2,"6":0,"7":0,"8":0,"9":0,"10":0,"11":0,"12":0,"13":0,"14":0,"15":0,"16":0,"17":0,"18":0,"19":0,"20":0,"21":0,"22":0,"23":0,"24":0,"25":0,"26":0,"27":0,"28":0,"29":0,"30":0,"31":0,"32":2},"f":{"0":0,"1":0,"2":0},"b":{"0":[0],"1":[0,0],"2":[0,0],"3":[0,0],"4":[0,0],"5":[0,0],"6":[0,0],"7":[0,0],"8":[0,0],"9":[0,0],"10":[0]}}
,"C:\\Users\\GRIGS\\express app task\\app\\src\\middleware\\validate.ts": {"path":"C:\\Users\\GRIGS\\express app task\\app\\src\\middleware\\validate.ts","statementMap":{"0":{"start":{"line":1,"column":0},"end":{"line":1,"column":37}},"1":{"start":{"line":2,"column":0},"end":{"line":2,"column":45}},"2":{"start":{"line":7,"column":2},"end":{"line":30,"column":4}},"3":{"start":{"line":8,"column":2},"end":{"line":30,"column":4}},"4":{"start":{"line":8,"column":60},"end":{"line":30,"column":4}},"5":{"start":{"line":9,"column":4},"end":{"line":29,"column":null}},"6":{"start":{"line":10,"column":6},"end":{"line":10,"column":63}},"7":{"start":{"line":11,"column":6},"end":{"line":15,"column":9}},"8":{"start":{"line":17,"column":6},"end":{"line":17,"column":13}},"9":{"start":{"line":20,"column":6},"end":{"line":25,"column":null}},"10":{"start":{"line":21,"column":8},"end":{"line":23,"column":10}},"11":{"start":{"line":24,"column":8},"end":{"line":24,"column":66}},"12":{"start":{"line":27,"column":6},"end":{"line":27,"column":67}},"13":{"start":{"line":28,"column":6},"end":{"line":28,"column":45}},"14":{"start":{"line":6,"column":13},"end":{"line":6,"column":null}}},"fnMap":{"0":{"name":"(anonymous_8)","decl":{"start":{"line":7,"column":2},"end":{"line":7,"column":3}},"loc":{"start":{"line":8,"column":2},"end":{"line":30,"column":4}}},"1":{"name":"(anonymous_9)","decl":{"start":{"line":8,"column":2},"end":{"line":8,"column":9}},"loc":{"start":{"line":8,"column":60},"end":{"line":30,"column":4}}},"2":{"name":"(anonymous_10)","decl":{"start":{"line":8,"column":60},"end":{"line":8,"column":null}},"loc":{"start":{"line":8,"column":60},"end":{"line":30,"column":3}}}},"branchMap":{"0":{"loc":{"start":{"line":20,"column":6},"end":{"line":25,"column":null}},"type":"if","locations":[{"start":{"line":20,"column":6},"end":{"line":25,"column":null}}]}},"s":{"0":2,"1":2,"2":2,"3":6,"4":6,"5":6,"6":6,"7":6,"8":6,"9":0,"10":0,"11":0,"12":0,"13":0,"14":2},"f":{"0":6,"1":6,"2":6},"b":{"0":[0]}}
,"C:\\Users\\GRIGS\\express app task\\app\\src\\schema\\stack.schema.ts": {"path":"C:\\Users\\GRIGS\\express app task\\app\\src\\schema\\stack.schema.ts","statementMap":{"0":{"start":{"line":1,"column":0},"end":{"line":1,"column":45}},"1":{"start":{"line":3,"column":13},"end":{"line":9,"column":3}}},"fnMap":{},"branchMap":{},"s":{"0":2,"1":2},"f":{},"b":{}}
,"C:\\Users\\GRIGS\\express app task\\app\\src\\schema\\store.schema.ts": {"path":"C:\\Users\\GRIGS\\express app task\\app\\src\\schema\\store.schema.ts","statementMap":{"0":{"start":{"line":1,"column":0},"end":{"line":1,"column":56}},"1":{"start":{"line":3,"column":13},"end":{"line":13,"column":3}},"2":{"start":{"line":15,"column":13},"end":{"line":21,"column":3}},"3":{"start":{"line":25,"column":13},"end":{"line":32,"column":3}}},"fnMap":{},"branchMap":{},"s":{"0":2,"1":2,"2":2,"3":2},"f":{},"b":{}}
,"C:\\Users\\GRIGS\\express app task\\app\\src\\utils\\logger.ts": {"path":"C:\\Users\\GRIGS\\express app task\\app\\src\\utils\\logger.ts","statementMap":{"0":{"start":{"line":1,"column":0},"end":{"line":1,"column":26}},"1":{"start":{"line":2,"column":0},"end":{"line":2,"column":26}},"2":{"start":{"line":4,"column":12},"end":{"line":15,"column":2}},"3":{"start":{"line":14,"column":19},"end":{"line":14,"column":50}},"4":{"start":{"line":17,"column":0},"end":{"line":17,"column":19}}},"fnMap":{"0":{"name":"(anonymous_1)","decl":{"start":{"line":14,"column":13},"end":{"line":14,"column":16}},"loc":{"start":{"line":14,"column":19},"end":{"line":14,"column":50}}}},"branchMap":{},"s":{"0":2,"1":2,"2":2,"3":19,"4":2},"f":{"0":19},"b":{}}
}
