{"C:\\Users\\GRIGS\\express app task\\app\\config\\default.ts": {"path":"C:\\Users\\GRIGS\\express app task\\app\\config\\default.ts","statementMap":{"0":{"start":{"line":1,"column":0},"end":{"line":3,"column":2}}},"fnMap":{},"branchMap":{},"s":{"0":2},"f":{},"b":{}}
,"C:\\Users\\GRIGS\\express app task\\app\\src\\app.ts": {"path":"C:\\Users\\GRIGS\\express app task\\app\\src\\app.ts","statementMap":{"0":{"start":{"line":1,"column":0},"end":{"line":1,"column":24}},"1":{"start":{"line":2,"column":0},"end":{"line":2,"column":28}},"2":{"start":{"line":3,"column":0},"end":{"line":3,"column":30}},"3":{"start":{"line":4,"column":0},"end":{"line":4,"column":30}},"4":{"start":{"line":5,"column":0},"end":{"line":5,"column":36}},"5":{"start":{"line":8,"column":13},"end":{"line":8,"column":39}},"6":{"start":{"line":10,"column":12},"end":{"line":10,"column":21}},"7":{"start":{"line":12,"column":0},"end":{"line":16,"column":2}},"8":{"start":{"line":18,"column":0},"end":{"line":18,"column":24}},"9":{"start":{"line":20,"column":13},"end":{"line":20,"column":31}},"10":{"start":{"line":22,"column":13},"end":{"line":22,"column":31}},"11":{"start":{"line":24,"column":0},"end":{"line":29,"column":null}},"12":{"start":{"line":25,"column":2},"end":{"line":28,"column":5}},"13":{"start":{"line":25,"column":30},"end":{"line":28,"column":4}},"14":{"start":{"line":26,"column":4},"end":{"line":26,"column":51}},"15":{"start":{"line":27,"column":4},"end":{"line":27,"column":16}}},"fnMap":{"0":{"name":"(anonymous_8)","decl":{"start":{"line":25,"column":19},"end":{"line":25,"column":28}},"loc":{"start":{"line":25,"column":30},"end":{"line":28,"column":4}}},"1":{"name":"(anonymous_9)","decl":{"start":{"line":25,"column":30},"end":{"line":25,"column":null}},"loc":{"start":{"line":25,"column":30},"end":{"line":28,"column":3}}}},"branchMap":{"0":{"loc":{"start":{"line":24,"column":0},"end":{"line":29,"column":null}},"type":"if","locations":[{"start":{"line":24,"column":0},"end":{"line":29,"column":null}}]}},"s":{"0":2,"1":2,"2":2,"3":2,"4":2,"5":2,"6":2,"7":2,"8":2,"9":2,"10":2,"11":2,"12":0,"13":0,"14":0,"15":0},"f":{"0":0,"1":0},"b":{"0":[0]}}
,"C:\\Users\\GRIGS\\express app task\\app\\src\\routes.ts": {"path":"C:\\Users\\GRIGS\\express app task\\app\\src\\routes.ts","statementMap":{"0":{"start":{"line":2,"column":0},"end":{"line":2,"column":49}},"1":{"start":{"line":3,"column":0},"end":{"line":3,"column":52}},"2":{"start":{"line":4,"column":0},"end":{"line":4,"column":null}},"3":{"start":{"line":8,"column":0},"end":{"line":8,"column":null}},"4":{"start":{"line":15,"column":0},"end":{"line":15,"column":null}},"5":{"start":{"line":59,"column":2},"end":{"line":59,"column":63}},"6":{"start":{"line":60,"column":2},"end":{"line":60,"column":41}},"7":{"start":{"line":62,"column":2},"end":{"line":62,"column":37}},"8":{"start":{"line":63,"column":2},"end":{"line":63,"column":63}},"9":{"start":{"line":64,"column":2},"end":{"line":69,"column":4}},"10":{"start":{"line":70,"column":2},"end":{"line":70,"column":72}},"11":{"start":{"line":71,"column":2},"end":{"line":71,"column":74}},"12":{"start":{"line":74,"column":0},"end":{"line":74,"column":22}}},"fnMap":{"0":{"name":"routes","decl":{"start":{"line":21,"column":9},"end":{"line":21,"column":15}},"loc":{"start":{"line":21,"column":28},"end":{"line":72,"column":1}}}},"branchMap":{},"s":{"0":2,"1":2,"2":2,"3":2,"4":2,"5":0,"6":0,"7":0,"8":0,"9":0,"10":0,"11":0,"12":2},"f":{"0":0},"b":{}}
,"C:\\Users\\GRIGS\\express app task\\app\\src\\controller\\stack.controller.ts": {"path":"C:\\Users\\GRIGS\\express app task\\app\\src\\controller\\stack.controller.ts","statementMap":{"0":{"start":{"line":1,"column":0},"end":{"line":1,"column":31}},"1":{"start":{"line":2,"column":0},"end":{"line":2,"column":37}},"2":{"start":{"line":15,"column":2},"end":{"line":46,"column":null}},"3":{"start":{"line":16,"column":4},"end":{"line":16,"column":52}},"4":{"start":{"line":17,"column":21},"end":{"line":17,"column":29}},"5":{"start":{"line":18,"column":4},"end":{"line":35,"column":null}},"6":{"start":{"line":19,"column":6},"end":{"line":19,"column":53}},"7":{"start":{"line":20,"column":6},"end":{"line":27,"column":null}},"8":{"start":{"line":21,"column":8},"end":{"line":21,"column":62}},"9":{"start":{"line":22,"column":8},"end":{"line":26,"column":11}},"10":{"start":{"line":28,"column":6},"end":{"line":28,"column":51}},"11":{"start":{"line":29,"column":6},"end":{"line":29,"column":23}},"12":{"start":{"line":30,"column":6},"end":{"line":34,"column":9}},"13":{"start":{"line":37,"column":4},"end":{"line":37,"column":74}},"14":{"start":{"line":38,"column":4},"end":{"line":40,"column":77}},"15":{"start":{"line":42,"column":4},"end":{"line":42,"column":50}},"16":{"start":{"line":43,"column":4},"end":{"line":45,"column":7}},"17":{"start":{"line":11,"column":0},"end":{"line":11,"column":22}},"18":{"start":{"line":53,"column":2},"end":{"line":73,"column":null}},"19":{"start":{"line":54,"column":4},"end":{"line":63,"column":null}},"20":{"start":{"line":55,"column":19},"end":{"line":55,"column":30}},"21":{"start":{"line":56,"column":6},"end":{"line":56,"column":51}},"22":{"start":{"line":57,"column":6},"end":{"line":62,"column":9}},"23":{"start":{"line":64,"column":4},"end":{"line":64,"column":61}},"24":{"start":{"line":65,"column":4},"end":{"line":67,"column":78}},"25":{"start":{"line":69,"column":4},"end":{"line":69,"column":53}},"26":{"start":{"line":70,"column":4},"end":{"line":72,"column":7}},"27":{"start":{"line":49,"column":0},"end":{"line":49,"column":22}}},"fnMap":{"0":{"name":"AddToStackHandler","decl":{"start":{"line":11,"column":22},"end":{"line":11,"column":39}},"loc":{"start":{"line":13,"column":30},"end":{"line":47,"column":null}}},"1":{"name":"PopFromStackHandler","decl":{"start":{"line":49,"column":22},"end":{"line":49,"column":41}},"loc":{"start":{"line":51,"column":30},"end":{"line":74,"column":null}}}},"branchMap":{"0":{"loc":{"start":{"line":18,"column":4},"end":{"line":35,"column":null}},"type":"if","locations":[{"start":{"line":18,"column":4},"end":{"line":35,"column":null}}]},"1":{"loc":{"start":{"line":20,"column":6},"end":{"line":27,"column":null}},"type":"if","locations":[{"start":{"line":20,"column":6},"end":{"line":27,"column":null}}]},"2":{"loc":{"start":{"line":54,"column":4},"end":{"line":63,"column":null}},"type":"if","locations":[{"start":{"line":54,"column":4},"end":{"line":63,"column":null}}]}},"s":{"0":2,"1":2,"2":1,"3":1,"4":1,"5":1,"6":1,"7":1,"8":0,"9":0,"10":1,"11":1,"12":1,"13":0,"14":0,"15":0,"16":0,"17":2,"18":1,"19":1,"20":1,"21":1,"22":1,"23":0,"24":0,"25":0,"26":0,"27":2},"f":{"0":1,"1":1},"b":{"0":[1],"1":[0],"2":[1]}}
,"C:\\Users\\GRIGS\\express app task\\app\\src\\controller\\store.controller.ts": {"path":"C:\\Users\\GRIGS\\express app task\\app\\src\\controller\\store.controller.ts","statementMap":{"0":{"start":{"line":1,"column":0},"end":{"line":1,"column":31}},"1":{"start":{"line":2,"column":0},"end":{"line":2,"column":37}},"2":{"start":{"line":15,"column":2},"end":{"line":25,"column":null}},"3":{"start":{"line":16,"column":4},"end":{"line":19,"column":null}},"4":{"start":{"line":17,"column":6},"end":{"line":17,"column":60}},"5":{"start":{"line":18,"column":6},"end":{"line":18,"column":70}},"6":{"start":{"line":20,"column":4},"end":{"line":20,"column":50}},"7":{"start":{"line":21,"column":4},"end":{"line":21,"column":63}},"8":{"start":{"line":23,"column":4},"end":{"line":23,"column":43}},"9":{"start":{"line":24,"column":4},"end":{"line":24,"column":43}},"10":{"start":{"line":11,"column":0},"end":{"line":11,"column":22}},"11":{"start":{"line":32,"column":2},"end":{"line":54,"column":null}},"12":{"start":{"line":33,"column":4},"end":{"line":36,"column":null}},"13":{"start":{"line":34,"column":6},"end":{"line":34,"column":59}},"14":{"start":{"line":35,"column":6},"end":{"line":35,"column":64}},"15":{"start":{"line":38,"column":32},"end":{"line":38,"column":40}},"16":{"start":{"line":39,"column":4},"end":{"line":39,"column":23}},"17":{"start":{"line":41,"column":4},"end":{"line":45,"column":null}},"18":{"start":{"line":42,"column":6},"end":{"line":44,"column":29}},"19":{"start":{"line":43,"column":8},"end":{"line":43,"column":26}},"20":{"start":{"line":47,"column":4},"end":{"line":47,"column":67}},"21":{"start":{"line":48,"column":4},"end":{"line":50,"column":65}},"22":{"start":{"line":52,"column":4},"end":{"line":52,"column":60}},"23":{"start":{"line":53,"column":4},"end":{"line":53,"column":70}},"24":{"start":{"line":28,"column":0},"end":{"line":28,"column":22}},"25":{"start":{"line":61,"column":2},"end":{"line":74,"column":null}},"26":{"start":{"line":62,"column":16},"end":{"line":62,"column":30}},"27":{"start":{"line":63,"column":4},"end":{"line":68,"column":null}},"28":{"start":{"line":64,"column":6},"end":{"line":64,"column":63}},"29":{"start":{"line":65,"column":6},"end":{"line":67,"column":73}},"30":{"start":{"line":69,"column":4},"end":{"line":69,"column":51}},"31":{"start":{"line":70,"column":4},"end":{"line":70,"column":71}},"32":{"start":{"line":72,"column":4},"end":{"line":72,"column":52}},"33":{"start":{"line":73,"column":4},"end":{"line":73,"column":70}},"34":{"start":{"line":57,"column":0},"end":{"line":57,"column":22}},"35":{"start":{"line":81,"column":2},"end":{"line":103,"column":null}},"36":{"start":{"line":82,"column":27},"end":{"line":82,"column":35}},"37":{"start":{"line":83,"column":16},"end":{"line":83,"column":30}},"38":{"start":{"line":85,"column":4},"end":{"line":96,"column":null}},"39":{"start":{"line":86,"column":6},"end":{"line":86,"column":25}},"40":{"start":{"line":87,"column":6},"end":{"line":91,"column":null}},"41":{"start":{"line":88,"column":8},"end":{"line":90,"column":31}},"42":{"start":{"line":89,"column":10},"end":{"line":89,"column":28}},"43":{"start":{"line":92,"column":6},"end":{"line":92,"column":71}},"44":{"start":{"line":93,"column":6},"end":{"line":95,"column":69}},"45":{"start":{"line":98,"column":4},"end":{"line":98,"column":51}},"46":{"start":{"line":99,"column":4},"end":{"line":99,"column":71}},"47":{"start":{"line":101,"column":4},"end":{"line":101,"column":62}},"48":{"start":{"line":102,"column":4},"end":{"line":102,"column":70}},"49":{"start":{"line":77,"column":0},"end":{"line":77,"column":22}},"50":{"start":{"line":110,"column":2},"end":{"line":122,"column":null}},"51":{"start":{"line":111,"column":16},"end":{"line":111,"column":30}},"52":{"start":{"line":112,"column":4},"end":{"line":116,"column":null}},"53":{"start":{"line":113,"column":6},"end":{"line":113,"column":55}},"54":{"start":{"line":114,"column":6},"end":{"line":114,"column":24}},"55":{"start":{"line":115,"column":6},"end":{"line":115,"column":80}},"56":{"start":{"line":117,"column":4},"end":{"line":117,"column":50}},"57":{"start":{"line":118,"column":4},"end":{"line":118,"column":78}},"58":{"start":{"line":120,"column":4},"end":{"line":120,"column":42}},"59":{"start":{"line":121,"column":4},"end":{"line":121,"column":70}},"60":{"start":{"line":106,"column":0},"end":{"line":106,"column":22}}},"fnMap":{"0":{"name":"GetStoreHandler","decl":{"start":{"line":11,"column":22},"end":{"line":11,"column":37}},"loc":{"start":{"line":13,"column":30},"end":{"line":26,"column":null}}},"1":{"name":"AddToStoreHandler","decl":{"start":{"line":28,"column":22},"end":{"line":28,"column":39}},"loc":{"start":{"line":30,"column":30},"end":{"line":55,"column":null}}},"2":{"name":"(anonymous_12)","decl":{"start":{"line":42,"column":17},"end":{"line":42,"column":20}},"loc":{"start":{"line":42,"column":22},"end":{"line":44,"column":7}}},"3":{"name":"GetKeyHandler","decl":{"start":{"line":57,"column":22},"end":{"line":57,"column":35}},"loc":{"start":{"line":59,"column":30},"end":{"line":75,"column":null}}},"4":{"name":"UpdateKeyHandler","decl":{"start":{"line":77,"column":22},"end":{"line":77,"column":38}},"loc":{"start":{"line":79,"column":30},"end":{"line":104,"column":null}}},"5":{"name":"(anonymous_17)","decl":{"start":{"line":88,"column":19},"end":{"line":88,"column":22}},"loc":{"start":{"line":88,"column":24},"end":{"line":90,"column":9}}},"6":{"name":"DeleteKeyHandler","decl":{"start":{"line":106,"column":22},"end":{"line":106,"column":38}},"loc":{"start":{"line":108,"column":30},"end":{"line":123,"column":null}}}},"branchMap":{"0":{"loc":{"start":{"line":16,"column":4},"end":{"line":19,"column":null}},"type":"if","locations":[{"start":{"line":16,"column":4},"end":{"line":19,"column":null}}]},"1":{"loc":{"start":{"line":33,"column":4},"end":{"line":36,"column":null}},"type":"if","locations":[{"start":{"line":33,"column":4},"end":{"line":36,"column":null}}]},"2":{"loc":{"start":{"line":41,"column":4},"end":{"line":45,"column":null}},"type":"if","locations":[{"start":{"line":41,"column":4},"end":{"line":45,"column":null}}]},"3":{"loc":{"start":{"line":63,"column":4},"end":{"line":68,"column":null}},"type":"if","locations":[{"start":{"line":63,"column":4},"end":{"line":68,"column":null}}]},"4":{"loc":{"start":{"line":85,"column":4},"end":{"line":96,"column":null}},"type":"if","locations":[{"start":{"line":85,"column":4},"end":{"line":96,"column":null}}]},"5":{"loc":{"start":{"line":87,"column":6},"end":{"line":91,"column":null}},"type":"if","locations":[{"start":{"line":87,"column":6},"end":{"line":91,"column":null}}]},"6":{"loc":{"start":{"line":112,"column":4},"end":{"line":116,"column":null}},"type":"if","locations":[{"start":{"line":112,"column":4},"end":{"line":116,"column":null}}]}},"s":{"0":2,"1":2,"2":1,"3":1,"4":1,"5":1,"6":0,"7":0,"8":0,"9":0,"10":2,"11":1,"12":1,"13":0,"14":0,"15":1,"16":1,"17":1,"18":0,"19":0,"20":1,"21":1,"22":0,"23":0,"24":2,"25":1,"26":1,"27":1,"28":1,"29":1,"30":0,"31":0,"32":0,"33":0,"34":2,"35":1,"36":1,"37":1,"38":1,"39":1,"40":1,"41":0,"42":0,"43":1,"44":1,"45":0,"46":0,"47":0,"48":0,"49":2,"50":1,"51":1,"52":1,"53":1,"54":1,"55":1,"56":0,"57":0,"58":0,"59":0,"60":2},"f":{"0":1,"1":1,"2":0,"3":1,"4":1,"5":0,"6":1},"b":{"0":[1],"1":[0],"2":[0],"3":[1],"4":[1],"5":[0],"6":[1]}}
,"C:\\Users\\GRIGS\\express app task\\app\\src\\middleware\\validate.ts": {"path":"C:\\Users\\GRIGS\\express app task\\app\\src\\middleware\\validate.ts","statementMap":{"0":{"start":{"line":1,"column":0},"end":{"line":1,"column":45}},"1":{"start":{"line":2,"column":0},"end":{"line":2,"column":37}},"2":{"start":{"line":7,"column":2},"end":{"line":30,"column":4}},"3":{"start":{"line":8,"column":2},"end":{"line":30,"column":4}},"4":{"start":{"line":8,"column":60},"end":{"line":30,"column":4}},"5":{"start":{"line":9,"column":4},"end":{"line":29,"column":null}},"6":{"start":{"line":10,"column":6},"end":{"line":10,"column":63}},"7":{"start":{"line":11,"column":6},"end":{"line":15,"column":9}},"8":{"start":{"line":17,"column":6},"end":{"line":17,"column":13}},"9":{"start":{"line":20,"column":6},"end":{"line":25,"column":null}},"10":{"start":{"line":21,"column":8},"end":{"line":23,"column":10}},"11":{"start":{"line":24,"column":8},"end":{"line":24,"column":66}},"12":{"start":{"line":27,"column":6},"end":{"line":27,"column":80}},"13":{"start":{"line":28,"column":6},"end":{"line":28,"column":44}},"14":{"start":{"line":6,"column":13},"end":{"line":6,"column":null}}},"fnMap":{"0":{"name":"(anonymous_8)","decl":{"start":{"line":7,"column":2},"end":{"line":7,"column":3}},"loc":{"start":{"line":8,"column":2},"end":{"line":30,"column":4}}},"1":{"name":"(anonymous_9)","decl":{"start":{"line":8,"column":2},"end":{"line":8,"column":9}},"loc":{"start":{"line":8,"column":60},"end":{"line":30,"column":4}}},"2":{"name":"(anonymous_10)","decl":{"start":{"line":8,"column":60},"end":{"line":8,"column":null}},"loc":{"start":{"line":8,"column":60},"end":{"line":30,"column":3}}}},"branchMap":{"0":{"loc":{"start":{"line":20,"column":6},"end":{"line":25,"column":null}},"type":"if","locations":[{"start":{"line":20,"column":6},"end":{"line":25,"column":null}}]}},"s":{"0":2,"1":2,"2":2,"3":6,"4":6,"5":6,"6":6,"7":6,"8":6,"9":0,"10":0,"11":0,"12":0,"13":0,"14":2},"f":{"0":6,"1":6,"2":6},"b":{"0":[0]}}
,"C:\\Users\\GRIGS\\express app task\\app\\src\\schema\\stack.schema.ts": {"path":"C:\\Users\\GRIGS\\express app task\\app\\src\\schema\\stack.schema.ts","statementMap":{"0":{"start":{"line":1,"column":0},"end":{"line":1,"column":52}},"1":{"start":{"line":3,"column":13},"end":{"line":9,"column":3}}},"fnMap":{},"branchMap":{},"s":{"0":2,"1":2},"f":{},"b":{}}
,"C:\\Users\\GRIGS\\express app task\\app\\src\\schema\\store.schema.ts": {"path":"C:\\Users\\GRIGS\\express app task\\app\\src\\schema\\store.schema.ts","statementMap":{"0":{"start":{"line":1,"column":0},"end":{"line":1,"column":56}},"1":{"start":{"line":5,"column":13},"end":{"line":5,"column":31}},"2":{"start":{"line":7,"column":13},"end":{"line":17,"column":3}},"3":{"start":{"line":19,"column":13},"end":{"line":25,"column":3}},"4":{"start":{"line":29,"column":13},"end":{"line":36,"column":3}}},"fnMap":{},"branchMap":{},"s":{"0":2,"1":2,"2":2,"3":2,"4":2},"f":{},"b":{}}
,"C:\\Users\\GRIGS\\express app task\\app\\src\\utils\\logger.ts": {"path":"C:\\Users\\GRIGS\\express app task\\app\\src\\utils\\logger.ts","statementMap":{"0":{"start":{"line":1,"column":0},"end":{"line":1,"column":26}},"1":{"start":{"line":2,"column":0},"end":{"line":2,"column":26}},"2":{"start":{"line":4,"column":12},"end":{"line":15,"column":2}},"3":{"start":{"line":14,"column":19},"end":{"line":14,"column":50}},"4":{"start":{"line":17,"column":0},"end":{"line":17,"column":19}}},"fnMap":{"0":{"name":"(anonymous_1)","decl":{"start":{"line":14,"column":13},"end":{"line":14,"column":16}},"loc":{"start":{"line":14,"column":19},"end":{"line":14,"column":50}}}},"branchMap":{},"s":{"0":2,"1":2,"2":2,"3":19,"4":2},"f":{"0":19},"b":{}}
}
