TN:
SF:config\default.ts
FNF:0
FNH:0
DA:1,2
LF:1
LH:1
BRF:0
BRH:0
end_of_record
TN:
SF:src\app.ts
FN:25,(anonymous_8)
FN:25,(anonymous_9)
FNF:2
FNH:0
FNDA:0,(anonymous_8)
FNDA:0,(anonymous_9)
DA:1,2
DA:2,2
DA:3,2
DA:4,2
DA:5,2
DA:8,2
DA:10,2
DA:12,2
DA:18,2
DA:20,2
DA:22,2
DA:24,2
DA:25,0
DA:26,0
DA:27,0
LF:15
LH:12
BRDA:24,0,0,0
BRF:1
BRH:0
end_of_record
TN:
SF:src\routes.ts
FN:21,routes
FNF:1
FNH:0
FNDA:0,routes
DA:2,2
DA:3,2
DA:4,2
DA:8,2
DA:15,2
DA:59,0
DA:60,0
DA:62,0
DA:63,0
DA:64,0
DA:70,0
DA:71,0
DA:74,2
LF:13
LH:6
BRF:0
BRH:0
end_of_record
TN:
SF:src\controller\stack.controller.ts
FN:11,AddToStackHandler
FN:49,PopFromStackHandler
FNF:2
FNH:2
FNDA:1,AddToStackHandler
FNDA:1,PopFromStackHandler
DA:1,2
DA:2,2
DA:11,2
DA:15,1
DA:16,1
DA:17,1
DA:18,1
DA:19,1
DA:20,1
DA:21,0
DA:22,0
DA:28,1
DA:29,1
DA:30,1
DA:37,0
DA:38,0
DA:42,0
DA:43,0
DA:49,2
DA:53,1
DA:54,1
DA:55,1
DA:56,1
DA:57,1
DA:64,0
DA:65,0
DA:69,0
DA:70,0
LF:28
LH:18
BRDA:18,0,0,1
BRDA:20,1,0,0
BRDA:54,2,0,1
BRF:3
BRH:2
end_of_record
TN:
SF:src\controller\store.controller.ts
FN:11,GetStoreHandler
FN:28,AddToStoreHandler
FN:42,(anonymous_12)
FN:57,GetKeyHandler
FN:77,UpdateKeyHandler
FN:88,(anonymous_17)
FN:106,DeleteKeyHandler
FNF:7
FNH:5
FNDA:1,GetStoreHandler
FNDA:1,AddToStoreHandler
FNDA:0,(anonymous_12)
FNDA:1,GetKeyHandler
FNDA:1,UpdateKeyHandler
FNDA:0,(anonymous_17)
FNDA:1,DeleteKeyHandler
DA:1,2
DA:2,2
DA:11,2
DA:15,1
DA:16,1
DA:17,1
DA:18,1
DA:20,0
DA:21,0
DA:23,0
DA:24,0
DA:28,2
DA:32,1
DA:33,1
DA:34,0
DA:35,0
DA:38,1
DA:39,1
DA:41,1
DA:42,0
DA:43,0
DA:47,1
DA:48,1
DA:52,0
DA:53,0
DA:57,2
DA:61,1
DA:62,1
DA:63,1
DA:64,1
DA:65,1
DA:69,0
DA:70,0
DA:72,0
DA:73,0
DA:77,2
DA:81,1
DA:82,1
DA:83,1
DA:85,1
DA:86,1
DA:87,1
DA:88,0
DA:89,0
DA:92,1
DA:93,1
DA:98,0
DA:99,0
DA:101,0
DA:102,0
DA:106,2
DA:110,1
DA:111,1
DA:112,1
DA:113,1
DA:114,1
DA:115,1
DA:117,0
DA:118,0
DA:120,0
DA:121,0
LF:61
LH:37
BRDA:16,0,0,1
BRDA:33,1,0,0
BRDA:41,2,0,0
BRDA:63,3,0,1
BRDA:85,4,0,1
BRDA:87,5,0,0
BRDA:112,6,0,1
BRF:7
BRH:4
end_of_record
TN:
SF:src\middleware\validate.ts
FN:7,(anonymous_8)
FN:8,(anonymous_9)
FN:8,(anonymous_10)
FNF:3
FNH:3
FNDA:6,(anonymous_8)
FNDA:6,(anonymous_9)
FNDA:6,(anonymous_10)
DA:1,2
DA:2,2
DA:6,2
DA:7,2
DA:8,6
DA:9,6
DA:10,6
DA:11,6
DA:17,6
DA:20,0
DA:21,0
DA:24,0
DA:27,0
DA:28,0
LF:14
LH:9
BRDA:20,0,0,0
BRF:1
BRH:0
end_of_record
TN:
SF:src\schema\stack.schema.ts
FNF:0
FNH:0
DA:1,2
DA:3,2
LF:2
LH:2
BRF:0
BRH:0
end_of_record
TN:
SF:src\schema\store.schema.ts
FNF:0
FNH:0
DA:1,2
DA:5,2
DA:7,2
DA:19,2
DA:29,2
LF:5
LH:5
BRF:0
BRH:0
end_of_record
TN:
SF:src\utils\logger.ts
FN:14,(anonymous_1)
FNF:1
FNH:1
FNDA:19,(anonymous_1)
DA:1,2
DA:2,2
DA:4,2
DA:14,19
DA:17,2
LF:5
LH:5
BRF:0
BRH:0
end_of_record
