TN:
SF:config\default.ts
FNF:0
FNH:0
DA:1,1
DA:2,1
DA:3,1
DA:4,1
LF:4
LH:4
BRDA:1,0,0,1
BRDA:1,0,1,0
BRDA:2,1,0,1
BRDA:2,1,1,0
BRDA:3,2,0,1
BRDA:3,2,1,0
BRDA:4,3,0,1
BRDA:4,3,1,0
BRF:8
BRH:4
end_of_record
TN:
SF:src\controller\stack.controller.ts
FN:15,AddToStackHandler
FN:55,PopFromStackHandler
FNF:2
FNH:2
FNDA:2,AddToStackHandler
FNDA:1,PopFromStackHandler
DA:3,1
DA:5,1
DA:13,1
DA:15,1
DA:19,2
DA:20,2
DA:21,2
DA:23,2
DA:24,0
DA:25,0
DA:30,2
DA:31,2
DA:32,0
DA:33,0
DA:40,2
DA:41,2
DA:42,2
DA:48,0
DA:49,0
DA:55,1
DA:59,1
DA:60,1
DA:61,0
DA:62,0
DA:67,1
DA:68,1
DA:69,1
DA:76,0
DA:77,0
LF:29
LH:19
BRDA:23,0,0,0
BRDA:31,1,0,0
BRDA:60,2,0,0
BRF:3
BRH:0
end_of_record
TN:
SF:src\controller\store.controller.ts
FN:20,AddToStoreHandler
FN:82,GetKeyHandler
FN:120,UpdateKeyHandler
FN:160,DeleteKeyHandler
FNF:4
FNH:4
FNDA:5,AddToStoreHandler
FNDA:2,GetKeyHandler
FNDA:1,UpdateKeyHandler
FNDA:1,DeleteKeyHandler
DA:3,1
DA:9,1
DA:10,1
DA:11,1
DA:12,1
DA:15,1
DA:16,1
DA:17,1
DA:18,1
DA:20,1
DA:24,5
DA:25,5
DA:27,5
DA:28,0
DA:29,0
DA:34,5
DA:36,0
DA:37,0
DA:43,5
DA:44,2
DA:47,5
DA:57,5
DA:58,5
DA:60,5
DA:61,5
DA:63,5
DA:64,5
DA:66,5
DA:67,5
DA:75,0
DA:76,0
DA:82,1
DA:86,2
DA:87,2
DA:89,2
DA:91,2
DA:92,1
DA:93,1
DA:98,1
DA:100,1
DA:101,1
DA:103,1
DA:104,1
DA:113,0
DA:114,0
DA:120,1
DA:124,1
DA:125,1
DA:126,1
DA:128,1
DA:130,1
DA:131,0
DA:132,0
DA:137,1
DA:138,1
DA:140,1
DA:141,1
DA:143,1
DA:144,1
DA:153,0
DA:154,0
DA:160,1
DA:164,1
DA:165,1
DA:167,1
DA:169,1
DA:170,0
DA:171,0
DA:176,1
DA:177,1
DA:178,1
DA:180,1
DA:181,1
DA:183,1
DA:184,1
DA:186,1
DA:190,0
DA:191,0
LF:78
LH:62
BRDA:27,0,0,0
BRDA:27,1,0,5
BRDA:27,1,1,5
BRDA:34,2,0,0
BRDA:43,3,0,2
BRDA:57,4,0,2
BRDA:57,4,1,3
BRDA:58,5,0,2
BRDA:58,5,1,3
BRDA:89,6,0,0
BRDA:89,6,1,2
BRDA:89,7,0,2
BRDA:89,7,1,2
BRDA:91,8,0,1
BRDA:98,9,0,1
BRDA:98,9,1,1
BRDA:128,10,0,0
BRDA:128,10,1,1
BRDA:128,11,0,1
BRDA:128,11,1,1
BRDA:130,12,0,0
BRDA:138,13,0,1
BRDA:138,13,1,1
BRDA:167,14,0,1
BRDA:167,14,1,0
BRDA:167,15,0,1
BRDA:167,15,1,1
BRDA:169,16,0,0
BRDA:177,17,0,1
BRDA:177,17,1,0
BRDA:178,18,0,1
BRDA:178,18,1,0
BRF:32
BRH:23
end_of_record
TN:
SF:src\middleware\cleanup.ts
FN:13,(anonymous_8)
FN:13,(anonymous_9)
FN:51,(anonymous_10)
FN:55,(anonymous_11)
FNF:4
FNH:2
FNDA:0,(anonymous_8)
FNDA:0,(anonymous_9)
FNDA:3,(anonymous_10)
FNDA:3,(anonymous_11)
DA:2,1
DA:3,1
DA:5,1
DA:6,1
DA:13,1
DA:14,0
DA:15,0
DA:17,0
DA:18,0
DA:19,0
DA:20,0
DA:22,0
DA:23,0
DA:25,0
DA:27,0
DA:51,1
DA:55,3
DA:56,3
DA:57,3
DA:58,3
DA:60,3
DA:61,3
DA:62,3
DA:66,0
DA:67,0
DA:68,0
DA:69,0
DA:72,0
DA:74,0
DA:75,0
DA:78,0
DA:81,0
DA:82,0
LF:33
LH:13
BRDA:19,0,0,0
BRDA:19,0,1,0
BRDA:22,1,0,0
BRDA:60,2,0,3
BRDA:66,3,0,0
BRDA:74,4,0,0
BRF:6
BRH:1
end_of_record
TN:
SF:src\middleware\validate.ts
FN:9,(anonymous_8)
FN:10,(anonymous_9)
FN:10,(anonymous_10)
FNF:3
FNH:3
FNDA:4,(anonymous_8)
FNDA:9,(anonymous_9)
FNDA:9,(anonymous_10)
DA:2,2
DA:3,2
DA:8,2
DA:9,2
DA:10,9
DA:11,9
DA:12,9
DA:13,9
DA:19,9
DA:22,0
DA:23,0
DA:26,0
DA:29,0
DA:30,0
LF:14
LH:9
BRDA:22,0,0,0
BRF:1
BRH:0
end_of_record
TN:
SF:src\schema\stack.schema.ts
FNF:0
FNH:0
DA:1,1
DA:3,1
LF:2
LH:2
BRF:0
BRH:0
end_of_record
TN:
SF:src\schema\store.schema.ts
FNF:0
FNH:0
DA:1,1
DA:3,1
DA:17,1
DA:25,1
DA:34,1
LF:5
LH:5
BRF:0
BRH:0
end_of_record
TN:
SF:src\structures\MinHeap.ts
FN:6,(anonymous_0)
FN:10,(anonymous_1)
FN:16,(anonymous_2)
FN:30,(anonymous_3)
FN:42,(anonymous_4)
FN:55,(anonymous_5)
FN:84,(anonymous_6)
FN:91,(anonymous_7)
FNF:8
FNH:6
FNDA:2,(anonymous_0)
FNDA:5,(anonymous_1)
FNDA:1,(anonymous_2)
FNDA:0,(anonymous_3)
FNDA:5,(anonymous_4)
FNDA:0,(anonymous_5)
FNDA:3,(anonymous_6)
FNDA:1,(anonymous_7)
DA:7,2
DA:11,5
DA:12,5
DA:13,5
DA:17,1
DA:18,1
DA:19,0
DA:21,1
DA:22,1
DA:24,1
DA:25,0
DA:26,0
DA:31,0
DA:32,0
DA:33,0
DA:34,0
DA:35,0
DA:36,0
DA:37,0
DA:39,0
DA:43,5
DA:44,5
DA:45,3
DA:46,3
DA:47,0
DA:48,0
DA:50,3
DA:56,0
DA:57,0
DA:58,0
DA:59,0
DA:60,0
DA:61,0
DA:63,0
DA:67,0
DA:69,0
DA:73,0
DA:76,0
DA:77,0
DA:79,0
DA:80,0
DA:85,3
DA:86,0
DA:88,3
DA:92,1
DA:93,1
DA:94,1
DA:99,1
LF:48
LH:20
BRDA:18,0,0,0
BRDA:18,1,0,1
BRDA:18,1,1,1
BRDA:18,1,2,1
BRDA:24,2,0,0
BRDA:24,3,0,1
BRDA:24,3,1,1
BRDA:31,4,0,0
BRDA:34,5,0,0
BRDA:34,6,0,0
BRDA:34,6,1,0
BRDA:46,7,0,0
BRDA:46,7,1,3
BRDA:63,8,0,0
BRDA:64,9,0,0
BRDA:64,9,1,0
BRDA:69,10,0,0
BRDA:70,11,0,0
BRDA:70,11,1,0
BRDA:76,12,0,0
BRDA:85,13,0,0
BRDA:85,14,0,3
BRDA:85,14,1,0
BRDA:85,15,0,3
BRDA:85,15,1,3
BRDA:86,16,0,0
BRDA:86,16,1,0
BRDA:86,17,0,0
BRDA:86,17,1,0
BRDA:86,18,0,0
BRDA:86,18,1,0
BRDA:86,19,0,0
BRDA:86,19,1,0
BRF:33
BRH:9
end_of_record
TN:
SF:src\types\request.ts
FN:21,(anonymous_0)
FNF:1
FNH:1
FNDA:2,(anonymous_0)
DA:21,2
DA:22,2
DA:23,2
DA:24,2
DA:25,2
DA:26,2
DA:27,2
DA:28,2
DA:29,2
LF:9
LH:9
BRDA:21,0,0,2
BRDA:21,0,1,2
BRF:2
BRH:2
end_of_record
TN:
SF:src\utils\logger.ts
FN:14,(anonymous_1)
FNF:1
FNH:1
FNDA:32,(anonymous_1)
DA:1,2
DA:2,2
DA:4,2
DA:14,32
DA:17,2
LF:5
LH:5
BRF:0
BRH:0
end_of_record
TN:
SF:src\utils\utils.ts
FN:3,(anonymous_0)
FN:8,(anonymous_1)
FNF:2
FNH:2
FNDA:2,(anonymous_0)
FNDA:1,(anonymous_1)
DA:3,1
DA:8,2
DA:9,1
DA:11,1
DA:13,2
LF:5
LH:5
BRF:0
BRH:0
end_of_record
